[2026-01-12 21:14:43.015] [LOW] HELLO
[2026-01-12 21:15:10.2] [LOW] Persistence Test
[2026-01-12 21:18:25.88] [LOW] Persistence Test-2
[2026-01-12 22:31:05.321] [LOW] Persistence Test-3
[2026-01-13 00:36:10.355] [LOW] NEW
[2026-01-13 00:36:16.095] [LOW] OLD
[2026-01-13 00:36:27.698] [LOW] HEVAY
[2026-01-13 00:36:42.62] [LOW] WHO
[2026-01-13 00:38:25.639] [LOW] Test Local Log
[2026-01-13 00:39:10.461] [LOW] HELLO
[2026-01-13 00:39:16.393] [LOW] HI
[2026-01-13 00:41:56.753] [HIGH] This is a critical error
[2026-01-13 00:45:52.065] [LOW] HI
[2026-01-13 00:46:02.744] [LOW] HELLP
[2026-01-13 00:46:16.173] [HIGH] HELLO
[2026-01-13 00:51:23.119] [HIGH] System Reset
[2026-01-13 00:52:08.438] [HIGH] System Reset
[2026-01-13 00:52:44.968] [LOW] HI
[2026-01-13 00:52:55.883] [WARN] MODERN
[2026-01-13 12:21:18.691] [WARN] new log
[2026-01-13 14:56:50.443] [WARN] Important
[2026-01-13 16:26:25.369] [LOW] 300
[2026-01-13 16:26:32.348] [LOW] 500
[2026-01-13 16:26:35.777] [LOW] 501
[2026-01-13 16:26:40.18] [LOW] Error 5\d\d
[2026-01-13 16:30:04.188] [LOW] Order ID: 999 processed
[2026-01-13 16:33:02.737] [LOW] Order ID: 999 processed
[2026-01-13 16:33:23.355] [LOW] Order ID: ABC failed
[2026-01-13 16:35:01.199] [LOW] Server Error 503
[2026-01-13 16:36:49.195] [LOW] Payment Error 500
[2026-01-13 16:36:54.616] [LOW] User Login Success
[2026-01-13 16:36:57.82] [LOW] User Login Success
[2026-01-13 16:37:42.043] [LOW] Payment Error 500
[2026-01-13 16:37:47.526] [LOW] User Login Success
[2026-01-13 16:37:52.43] [LOW] Database Error 503
[2026-01-13 17:05:50.525] [LOW] error 600
[2026-01-13 17:06:37.541] [HIGH] Important
[2026-01-15 11:26:00.245] [LOW] Error 503
[2026-01-15 11:26:10.782] [LOW] Error 404
[2026-01-15 11:32:28.878] [LOW] Error new
